{"level":"info","message":"GET /search/s24%20ultra","timestamp":"2024-03-10T18:35:28.272Z"}
{"level":"info","message":"GET /","timestamp":"2024-03-10T18:35:49.167Z"}
{"level":"info","message":"GET /","timestamp":"2024-03-10T18:36:29.688Z"}
{"level":"info","message":"GET /search/s24%20ultra","timestamp":"2024-03-10T18:36:36.073Z"}
{"level":"info","message":"GET /search/s24%20ultra","timestamp":"2024-03-10T18:39:55.749Z"}
{"level":"info","message":"GET /product/cooker","timestamp":"2024-03-10T18:40:05.922Z"}
{"level":"info","message":"GET /product/cooker","timestamp":"2024-03-10T18:41:50.927Z"}
{"level":"info","message":"GET /product/cooker","timestamp":"2024-03-10T18:42:08.563Z"}
{"level":"info","message":"GET /product/cooker","timestamp":"2024-03-10T18:43:22.286Z"}
{"level":"info","message":"GET /product/cooker","timestamp":"2024-03-10T18:43:48.472Z"}
{"level":"info","message":"GET /product/cooker","timestamp":"2024-03-10T18:44:08.712Z"}
{"level":"info","message":"GET /product/cooker","timestamp":"2024-03-10T18:44:46.269Z"}
{"level":"info","message":"GET /product/cooker","timestamp":"2024-03-10T18:48:14.677Z"}
{"level":"info","message":"GET /product/cooker","timestamp":"2024-03-10T18:48:22.238Z"}
{"level":"info","message":"GET /product/cooker","timestamp":"2024-03-10T18:48:36.317Z"}
{"level":"info","message":"GET /","timestamp":"2024-03-10T18:51:10.203Z"}
{"level":"info","message":"GET /search/s24%20ultra","timestamp":"2024-03-10T18:51:14.969Z"}
{"level":"info","message":"GET /","timestamp":"2024-03-10T18:59:05.863Z"}
{"level":"info","message":"GET /","timestamp":"2024-03-10T18:59:13.593Z"}
{"level":"info","message":"GET /search/4090","timestamp":"2024-03-10T18:59:35.377Z"}
{"level":"info","message":"GET /","timestamp":"2024-03-11T03:41:46.210Z"}
{"level":"info","message":"GET /favicon.ico","timestamp":"2024-03-11T03:41:46.231Z"}
{"level":"info","message":"GET /search/s24%20ultra","timestamp":"2024-03-11T03:41:49.676Z"}
{"level":"info","message":"GET /search/iphone","timestamp":"2024-03-11T03:41:53.700Z"}
{"level":"info","message":"GET /product/Apple-iPhone-14-128GB-Starlight/dp/B0BDK8LKPJ/ref=sr_1_6","timestamp":"2024-03-11T03:42:06.460Z"}
{"level":"info","message":"GET /product/Apple-iPhone-14-128GB-Starlight/dp/B0BDK8LKPJ/ref=sr_1_6","timestamp":"2024-03-11T03:42:28.494Z"}
{"level":"info","message":"GET /product/Apple-iPhone-14-128GB-Starlight/dp/B0BDK8LKPJ/ref=sr_1_6","timestamp":"2024-03-11T03:43:36.036Z"}
{"level":"info","message":"GET /search/Apple","timestamp":"2024-03-11T03:43:45.240Z"}
{"level":"info","message":"GET /search/ac","timestamp":"2024-03-11T03:43:56.569Z"}
{"level":"info","message":"GET /product/Lloyd-Inverter-Convertible-Anti-Viral-GLS18I3FWAGC/dp/B0CCY3HLCV/ref=sr_1_4","timestamp":"2024-03-11T03:44:13.433Z"}
{"level":"info","message":"GET /product/Lloyd-Inverter-Convertible-Anti-Viral-GLS18I3FWAGC/dp/B0CCY3HLCV/ref=sr_1_4","timestamp":"2024-03-11T03:45:26.128Z"}
{"level":"info","message":"GET /product/Lloyd-Inverter-Convertible-Anti-Viral-GLS18I3FWAGC/dp/B0CCY3HLCV/ref=sr_1_4","timestamp":"2024-03-11T03:45:28.669Z"}
{"level":"info","message":"GET /product/Lloyd-Inverter-Convertible-Anti-Viral-GLS18I3FWAGC/dp/B0CCY3HLCV/ref=sr_1_4","timestamp":"2024-03-11T03:45:29.412Z"}
{"level":"info","message":"GET /product/Lloyd-Inverter-Convertible-Anti-Viral-GLS18I3FWAGC/dp/B0CCY3HLCV/ref=sr_1_4","timestamp":"2024-03-11T03:46:59.285Z"}
{"level":"info","message":"GET /product/Lloyd-Inverter-Convertible-Anti-Viral-GLS18I3FWAGC/dp/B0CCY3HLCV/ref=sr_1_4","timestamp":"2024-03-11T03:49:08.769Z"}
{"level":"info","message":"GET /product/Lloyd-Inverter-Convertible-Anti-Viral-GLS18I3FWAGC/dp/B0CCY3HLCV/ref=sr_1_4","timestamp":"2024-03-11T03:52:49.968Z"}
{"level":"info","message":"GET /search/ac","timestamp":"2024-03-11T03:53:04.644Z"}
{"level":"info","message":"GET /search/bikini","timestamp":"2024-03-11T03:53:31.463Z"}
{"level":"info","message":"GET /","timestamp":"2024-03-11T03:54:21.234Z"}
{"level":"info","message":"GET /search/ac","timestamp":"2024-03-11T03:54:30.592Z"}
{"level":"info","message":"GET /product/LG-Convertible-Anti-Virus-Protection-TS-Q12CNXE/dp/B0CQPD1VJ5/ref=sr_1_6","timestamp":"2024-03-11T03:55:05.489Z"}
{"level":"info","message":"GET /search/tp-link","timestamp":"2024-03-11T03:57:18.181Z"}
{"level":"info","message":"GET /search/tp-link","timestamp":"2024-03-11T03:57:26.045Z"}
{"level":"info","message":"GET /search/tp-link","timestamp":"2024-03-11T03:57:58.062Z"}
{"level":"info","message":"GET /search/tp-link","timestamp":"2024-03-11T03:58:14.711Z"}
{"level":"info","message":"GET /search/tp-link","timestamp":"2024-03-11T03:58:27.655Z"}
{"level":"info","message":"GET /search/tp-link","timestamp":"2024-03-11T03:59:25.386Z"}
{"level":"info","message":"GET /product/LG-Convertible-Anti-Virus-Protection-TS-Q12CNXE/dp/B0CQPD1VJ5/ref=sr_1_6","timestamp":"2024-03-11T04:03:00.200Z"}
{"level":"info","message":"GET /product/TP-Link-Archer-T2U-Nano-Wireless/dp/B07KRCW6LZ/ref=sr_1_4","timestamp":"2024-03-11T04:03:09.218Z"}
{"level":"info","message":"GET /product/TP-Link-Archer-T2U-Nano-Wireless/dp/B07KRCW6LZ/ref=sr_1_4","timestamp":"2024-03-11T04:03:15.370Z"}
{"level":"info","message":"GET /search/monitor","timestamp":"2024-03-11T04:03:28.091Z"}
{"level":"info","message":"GET /product/ZEBRONICS-ZEB-V19HD-LED-Supporting-Mountable/dp/B09GG4FT99/ref=sr_1_3","timestamp":"2024-03-11T04:03:35.603Z"}
{"level":"info","message":"GET /search/iphone","timestamp":"2024-03-11T11:58:48.651Z"}
{"level":"info","message":"GET /product/Apple-iPhone-14-128GB-Midnight/dp/B0BDHX8Z63/ref=sr_1_11","timestamp":"2024-03-11T11:58:53.582Z"}
{"level":"info","message":"GET /product/Apple-iPhone-14-128GB-Purple/dp/B0BDJ213TX/ref=sr_1_7","timestamp":"2024-03-11T11:59:02.878Z"}
{"level":"info","message":"GET /","timestamp":"2024-04-19T02:42:11.597Z"}
{"level":"info","message":"GET /favicon.ico","timestamp":"2024-04-19T02:42:11.620Z"}
{"level":"info","message":"GET /","timestamp":"2024-04-19T02:42:17.632Z"}
{"level":"info","message":"GET /search/mobile","timestamp":"2024-04-19T02:42:27.290Z"}
{"level":"info","message":"GET /product/OnePlus-Nord-Chromatic-256GB-Storage/dp/B0BY8L3RZ6/ref=sr_1_4","timestamp":"2024-04-19T02:42:39.314Z"}
